<?xml version="1.0" encoding="UTF-8"?>
<!-- Generated by org.testng.reporters.JUnitXMLReporter -->
<testsuite ignored="0" hostname="TT0035375-7" failures="0" tests="6" name="Default test" time="35.816" errors="0" timestamp="2021-06-04T22:01:01 TRT">
  <testcase classname="roofstacks.homework.TestHomework" name="goRoofStacksPage" time="11.401"/>
  <testcase classname="roofstacks.homework.TestHomework" name="goCareerPage" time="9.801"/>
  <testcase classname="roofstacks.homework.TestHomework" name="goProductPosition" time="4.112"/>
  <testcase classname="roofstacks.homework.TestHomework" name="goLeadProductTesterPage" time="1.009"/>
  <testcase classname="roofstacks.homework.TestHomework" name="checkLeadProductTesterPage" time="0.014"/>
  <testcase classname="roofstacks.homework.TestHomework" name="sendCV" time="0.533"/>
</testsuite> <!-- Default test -->
